-------------------------------------------------------------------------------
Test set: com.vtxlab.tdd.CalculatorTest
-------------------------------------------------------------------------------
Tests run: 1, Failures: 1, Errors: 0, Skipped: 0, Time elapsed: 0.017 s <<< FAILURE! - in com.vtxlab.tdd.CalculatorTest
testAdd  Time elapsed: 0.012 s  <<< FAILURE!
java.lang.AssertionError: 

Expected: is <13>
     but: was <-1>
	at com.vtxlab.tdd.CalculatorTest.testAdd(CalculatorTest.java:19)

